<?xml version="1.0" encoding="UTF-8"?>
<!-- Generated by org.testng.reporters.JUnitReportReporter -->
<testsuite hostname="Sandunis-MacBook-Air.local" failures="0" tests="1" name="org.testing.testScripts.TC7_GetAllRequestOnDummyRESTAPI" time="0.425" errors="0" timestamp="5 Sep 2024 15:24:30 GMT">
  <testcase classname="org.testing.testScripts.TC7_GetAllRequestOnDummyRESTAPI" name="testCase3" time="0.425"/>
</testsuite>
