<?xml version="1.0" encoding="UTF-8"?>
<!-- Generated by org.testng.reporters.JUnitReportReporter -->
<testsuite hostname="Sandunis-MacBook-Air.local" failures="0" tests="1" name="org.testing.testScripts.TC2_PostRequestOnDummyAPI" time="0.020" errors="0" timestamp="5 Sep 2024 15:24:30 GMT">
  <testcase classname="org.testing.testScripts.TC2_PostRequestOnDummyAPI" name="testcasedummy" time="0.020"/>
</testsuite>
