<?xml version="1.0" encoding="UTF-8"?>
<!-- Generated by org.testng.reporters.JUnitReportReporter -->
<testsuite hostname="Sandunis-MacBook-Air.local" failures="0" tests="1" name="org.testing.testScripts.TC6_DELETERequest" time="0.556" errors="0" timestamp="5 Sep 2024 15:24:30 GMT">
  <testcase classname="org.testing.testScripts.TC6_DELETERequest" name="testCase8" time="0.556"/>
</testsuite>
